  [4;36;1mSQL (0.000359)[0m   [0;1mSET NAMES 'utf8'[0m
  [4;35;1mSQL (0.000242)[0m   [0mSET SQL_AUTO_IS_NULL=0[0m
  [4;36;1mSQL (0.022199)[0m   [0;1mSHOW TABLES[0m
  [4;35;1mSQL (0.341553)[0m   [0mCREATE TABLE `schema_migrations` (`version` varchar(255) NOT NULL) ENGINE=InnoDB[0m
  [4;36;1mSQL (0.060052)[0m   [0;1mCREATE UNIQUE INDEX `unique_schema_migrations` ON `schema_migrations` (`version`)[0m
  [4;35;1mSQL (0.000630)[0m   [0mSHOW TABLES[0m
  [4;36;1mSQL (0.000751)[0m   [0;1mSELECT version FROM schema_migrations[0m
Migrating to CreateCategories (20081003033354)
  [4;35;1mSQL (0.003378)[0m   [0mCREATE TABLE `categories` (`id` int(11) DEFAULT NULL auto_increment PRIMARY KEY, `name` varchar(255), `custom_fields` varchar(255), `created_at` datetime, `updated_at` datetime) ENGINE=InnoDB[0m
  [4;36;1mSQL (0.001471)[0m   [0;1mINSERT INTO schema_migrations (version) VALUES ('20081003033354')[0m
Migrating to CreateProjects (20081003034129)
  [4;35;1mSQL (0.004325)[0m   [0mCREATE TABLE `projects` (`id` int(11) DEFAULT NULL auto_increment PRIMARY KEY, `name` varchar(255), `category_id` int(11), `date` date, `client` varchar(255), `url` varchar(255), `custom_values` varchar(255), `description` text, `created_at` datetime, `updated_at` datetime) ENGINE=InnoDB[0m
  [4;36;1mSQL (0.000816)[0m   [0;1mINSERT INTO schema_migrations (version) VALUES ('20081003034129')[0m
Migrating to CreateImages (20081003034742)
  [4;35;1mSQL (0.022765)[0m   [0mCREATE TABLE `images` (`id` int(11) DEFAULT NULL auto_increment PRIMARY KEY, `name` varchar(255), `caption` varchar(255), `project_id` int(11), `image_file_data` blob, `created_at` datetime, `updated_at` datetime) ENGINE=InnoDB[0m
  [4;36;1mSQL (0.001333)[0m   [0;1mINSERT INTO schema_migrations (version) VALUES ('20081003034742')[0m
Migrating to CreateUsers (20081003040926)
  [4;35;1mSQL (0.000518)[0m   [0mSHOW TABLES[0m
  [4;36;1mSQL (0.043029)[0m   [0;1mCREATE TABLE `users` (`id` int(11) DEFAULT NULL auto_increment PRIMARY KEY, `login` varchar(40), `name` varchar(100) DEFAULT '', `email` varchar(100), `crypted_password` varchar(40), `salt` varchar(40), `created_at` datetime, `updated_at` datetime, `remember_token` varchar(40), `remember_token_expires_at` datetime) ENGINE=InnoDB[0m
  [4;35;1mSQL (0.010608)[0m   [0mCREATE UNIQUE INDEX `index_users_on_login` ON `users` (`login`)[0m
  [4;36;1mSQL (0.000846)[0m   [0;1mINSERT INTO schema_migrations (version) VALUES ('20081003040926')[0m
  [4;35;1mSQL (0.000575)[0m   [0mSHOW TABLES[0m
  [4;36;1mSQL (0.000262)[0m   [0;1mSELECT version FROM schema_migrations[0m
  [4;35;1mSQL (0.000467)[0m   [0mSHOW TABLES[0m
  [4;36;1mSQL (0.081902)[0m   [0;1mSHOW FIELDS FROM `categories`[0m
  [4;35;1mSQL (0.001842)[0m   [0mdescribe `categories`[0m
  [4;36;1mSQL (0.000711)[0m   [0;1mSHOW KEYS FROM `categories`[0m
  [4;35;1mSQL (0.002189)[0m   [0mSHOW FIELDS FROM `images`[0m
  [4;36;1mSQL (0.002919)[0m   [0;1mdescribe `images`[0m
  [4;35;1mSQL (0.001566)[0m   [0mSHOW KEYS FROM `images`[0m
  [4;36;1mSQL (0.002504)[0m   [0;1mSHOW FIELDS FROM `projects`[0m
  [4;35;1mSQL (0.002716)[0m   [0mdescribe `projects`[0m
  [4;36;1mSQL (0.000708)[0m   [0;1mSHOW KEYS FROM `projects`[0m
  [4;35;1mSQL (0.002532)[0m   [0mSHOW FIELDS FROM `users`[0m
  [4;36;1mSQL (0.002507)[0m   [0;1mdescribe `users`[0m
  [4;35;1mSQL (0.000485)[0m   [0mSHOW KEYS FROM `users`[0m
